#
# A fatal error has been detected by the Java Runtime Environment:
#
#  SIGSEGV (0xb) at pc=0x00007f882b394401, pid=21445, tid=21473
#
# JRE version: OpenJDK Runtime Environment (11.0.8+10) (build 11.0.8+10-post-Ubuntu-0ubuntu118.04.1)
# Java VM: OpenJDK 64-Bit Server VM (11.0.8+10-post-Ubuntu-0ubuntu118.04.1, mixed mode, sharing, tiered, compressed oops, g1 gc, linux-amd64)
# Problematic frame:
# C  [libjimage.so+0x2401]
#
# Core dump will be written. Default location: Core dumps may be processed with "/usr/share/apport/apport %p %s %c %d %P %E" (or dumping to /home/runner/Conditionals-JIBRILTURNER/core.21445)
#
# If you would like to submit a bug report, please visit:
#   https://bugs.launchpad.net/ubuntu/+source/openjdk-lts
#

---------------  S U M M A R Y ------------

Command Line: Main

Host: Intel(R) Xeon(R) CPU @ 2.30GHz, 4 cores, 2G, Ubuntu 18.04.5 LTS
Time: Fri Dec 11 18:00:53 2020 UTC elapsed time: 54 seconds (0d 0h 0m 54s)

---------------  T H R E A D  ---------------

Current thread (0x00007f87a0001000):  JavaThread "XToolkt-Shutdown-Thread" [_thread_in_vm, id=21473, stack(0x00007f87abcfd000,0x00007f87abdfe000)]

Stack: [0x00007f87abcfd000,0x00007f87abdfe000],  sp=0x00007f87abdfa5f0,  free space=1013k
Native frames: (J=compiled Java code, A=aot compiled Java code, j=interpreted, Vv=VM code, C=native code)
C  [libjimage.so+0x2401]
C  [libjimage.so+0x30ea]
C  [libjimage.so+0x35c6]  JIMAGE_FindResource+0xd6
V  [libjvm.so+0x59097e]